[debug] [2026-05-05T14:00:10.611Z] ----------------------------------------------------------------------
[debug] [2026-05-05T14:00:10.627Z] Command:       /home/hildaaa/.nvm/versions/node/v20.19.3/bin/node /home/hildaaa/.nvm/versions/node/v20.19.3/bin/firebase init
[debug] [2026-05-05T14:00:10.627Z] CLI Version:   15.16.0
[debug] [2026-05-05T14:00:10.628Z] Platform:      linux
[debug] [2026-05-05T14:00:10.628Z] Node Version:  v20.19.3
[debug] [2026-05-05T14:00:10.628Z] Time:          Tue May 05 2026 17:00:10 GMT+0300 (East Africa Time)
[debug] [2026-05-05T14:00:10.628Z] ----------------------------------------------------------------------
[debug] 
[info] 
     ######## #### ########  ######## ########     ###     ######  ########
     ##        ##  ##     ## ##       ##     ##  ##   ##  ##       ##
     ######    ##  ########  ######   ########  #########  ######  ######
     ##        ##  ##    ##  ##       ##     ## ##     ##       ## ##
     ##       #### ##     ## ######## ########  ##     ##  ######  ########

You're about to initialize a Firebase project in this directory:

  /home/hildaaa/Development/projects/Wattsaver

[debug] [2026-05-05T14:06:17.749Z] ExitPromptError: User force closed the prompt with SIGINT
    at Interface.sigint (/home/hildaaa/.nvm/versions/node/v20.19.3/lib/node_modules/firebase-tools/node_modules/@inquirer/core/dist/commonjs/lib/create-prompt.js:101:37)
    at Interface.emit (node:events:524:28)
    at [_ttyWrite] [as _ttyWrite] (node:internal/readline/interface:1125:18)
    at ReadStream.onkeypress (node:internal/readline/interface:264:20)
    at ReadStream.emit (node:events:536:35)
    at emitKeys (node:internal/readline/utils:371:14)
    at emitKeys.next (<anonymous>)
    at ReadStream.onData (node:internal/readline/emitKeypressEvents:64:36)
    at ReadStream.emit (node:events:524:28)
    at addChunk (node:internal/streams/readable:561:12)
[error] 
[error] Error: An unexpected error has occurred.
